<?xml version="1.0" encoding="UTF-8"?>
<testng-results ignored="0" total="3" passed="2" failed="1" skipped="0">
  <reporter-output>
  </reporter-output>
  <suite started-at="2024-08-27T16:10:54 IST" name="Default suite" finished-at="2024-08-27T16:11:08 IST" duration-ms="14005">
    <groups>
      <group name="cucumber">
        <method signature="AbstractTestNGCucumberTests.runScenario(io.cucumber.testng.PickleWrapper,io.cucumber.testng.FeatureWrapper)[pri:0, instance:StepDefinitions.TestRunner@7cc0cdad]" name="runScenario" class="io.cucumber.testng.AbstractTestNGCucumberTests"/>
      </group> <!-- cucumber -->
    </groups>
    <test started-at="2024-08-27T16:10:54 IST" name="Default test" finished-at="2024-08-27T16:11:08 IST" duration-ms="14005">
      <class name="StepDefinitions.TestRunner">
        <test-method is-config="true" signature="startBrowser()[pri:0, instance:StepDefinitions.TestRunner@7cc0cdad]" started-at="2024-08-27T16:10:49 IST" name="startBrowser" finished-at="2024-08-27T16:10:54 IST" duration-ms="4643" status="PASS">
          <reporter-output>
          </reporter-output>
        </test-method> <!-- startBrowser -->
        <test-method is-config="true" signature="setUpClass(org.testng.ITestContext)[pri:0, instance:StepDefinitions.TestRunner@7cc0cdad]" started-at="2024-08-27T16:10:54 IST" name="setUpClass" finished-at="2024-08-27T16:10:55 IST" duration-ms="987" status="PASS">
          <params>
            <param index="0">
              <value>
                <![CDATA[org.testng.TestRunner@22587507]]>
              </value>
            </param>
          </params>
          <reporter-output>
          </reporter-output>
        </test-method> <!-- setUpClass -->
        <test-method signature="runScenario(io.cucumber.testng.PickleWrapper,io.cucumber.testng.FeatureWrapper)[pri:0, instance:StepDefinitions.TestRunner@7cc0cdad]" started-at="2024-08-27T16:10:55 IST" name="runScenario" description="Runs Cucumber Scenarios" data-provider="scenarios" finished-at="2024-08-27T16:11:05 IST" duration-ms="10272" status="FAIL">
          <params>
            <param index="0">
              <value>
                <![CDATA["Add product to cart"]]>
              </value>
            </param>
            <param index="1">
              <value>
                <![CDATA["Add product to cart"]]>
              </value>
            </param>
          </params>
          <exception class="org.openqa.selenium.NoSuchElementException">
            <message>
              <![CDATA[no such element: Unable to locate element: {"method":"xpath","selector":"//div[@class='inventory_container']/div/div/div[@class='pricebar']/button"}
  (Session info: chrome=128.0.6613.84)
For documentation on this error, please visit: https://www.selenium.dev/documentation/webdriver/troubleshooting/errors#no-such-element-exception
Build info: version: '4.22.0', revision: 'c5f3146703*'
System info: os.name: 'Windows 11', os.arch: 'amd64', os.version: '10.0', java.version: '17.0.11'
Driver info: org.openqa.selenium.chrome.ChromeDriver
Command: [c94408124be5f72e9c5c3e10c75a5332, findElement {value=//div[@class='inventory_container']/div/div/div[@class='pricebar']/button, using=xpath}]
Capabilities {acceptInsecureCerts: false, browserName: chrome, browserVersion: 128.0.6613.84, chrome: {chromedriverVersion: 128.0.6613.84 (606aa55c7d68..., userDataDir: C:\Users\prems\AppData\Loca...}, fedcm:accounts: true, goog:chromeOptions: {debuggerAddress: localhost:62118}, networkConnectionEnabled: false, pageLoadStrategy: normal, platformName: windows, proxy: Proxy(), se:cdp: ws://localhost:62118/devtoo..., se:cdpVersion: 128.0.6613.84, setWindowRect: true, strictFileInteractability: false, timeouts: {implicit: 0, pageLoad: 300000, script: 30000}, unhandledPromptBehavior: dismiss and notify, webauthn:extension:credBlob: true, webauthn:extension:largeBlob: true, webauthn:extension:minPinLength: true, webauthn:extension:prf: true, webauthn:virtualAuthenticators: true}
Session ID: c94408124be5f72e9c5c3e10c75a5332]]>
            </message>
            <full-stacktrace>
              <![CDATA[org.openqa.selenium.NoSuchElementException: no such element: Unable to locate element: {"method":"xpath","selector":"//div[@class='inventory_container']/div/div/div[@class='pricebar']/button"}
  (Session info: chrome=128.0.6613.84)
For documentation on this error, please visit: https://www.selenium.dev/documentation/webdriver/troubleshooting/errors#no-such-element-exception
Build info: version: '4.22.0', revision: 'c5f3146703*'
System info: os.name: 'Windows 11', os.arch: 'amd64', os.version: '10.0', java.version: '17.0.11'
Driver info: org.openqa.selenium.chrome.ChromeDriver
Command: [c94408124be5f72e9c5c3e10c75a5332, findElement {value=//div[@class='inventory_container']/div/div/div[@class='pricebar']/button, using=xpath}]
Capabilities {acceptInsecureCerts: false, browserName: chrome, browserVersion: 128.0.6613.84, chrome: {chromedriverVersion: 128.0.6613.84 (606aa55c7d68..., userDataDir: C:\Users\prems\AppData\Loca...}, fedcm:accounts: true, goog:chromeOptions: {debuggerAddress: localhost:62118}, networkConnectionEnabled: false, pageLoadStrategy: normal, platformName: windows, proxy: Proxy(), se:cdp: ws://localhost:62118/devtoo..., se:cdpVersion: 128.0.6613.84, setWindowRect: true, strictFileInteractability: false, timeouts: {implicit: 0, pageLoad: 300000, script: 30000}, unhandledPromptBehavior: dismiss and notify, webauthn:extension:credBlob: true, webauthn:extension:largeBlob: true, webauthn:extension:minPinLength: true, webauthn:extension:prf: true, webauthn:virtualAuthenticators: true}
Session ID: c94408124be5f72e9c5c3e10c75a5332
at java.base/jdk.internal.reflect.NativeConstructorAccessorImpl.newInstance0(Native Method)
at java.base/jdk.internal.reflect.NativeConstructorAccessorImpl.newInstance(NativeConstructorAccessorImpl.java:77)
at java.base/jdk.internal.reflect.DelegatingConstructorAccessorImpl.newInstance(DelegatingConstructorAccessorImpl.java:45)
at java.base/java.lang.reflect.Constructor.newInstanceWithCaller(Constructor.java:499)
at java.base/java.lang.reflect.Constructor.newInstance(Constructor.java:480)
at org.openqa.selenium.remote.ErrorCodec.decode(ErrorCodec.java:167)
at org.openqa.selenium.remote.codec.w3c.W3CHttpResponseCodec.decode(W3CHttpResponseCodec.java:138)
at org.openqa.selenium.remote.codec.w3c.W3CHttpResponseCodec.decode(W3CHttpResponseCodec.java:50)
at org.openqa.selenium.remote.HttpCommandExecutor.execute(HttpCommandExecutor.java:190)
at org.openqa.selenium.remote.service.DriverCommandExecutor.invokeExecute(DriverCommandExecutor.java:216)
at org.openqa.selenium.remote.service.DriverCommandExecutor.execute(DriverCommandExecutor.java:174)
at org.openqa.selenium.remote.RemoteWebDriver.execute(RemoteWebDriver.java:518)
at org.openqa.selenium.remote.ElementLocation$ElementFinder$2.findElement(ElementLocation.java:165)
at org.openqa.selenium.remote.ElementLocation.findElement(ElementLocation.java:59)
at org.openqa.selenium.remote.RemoteWebDriver.findElement(RemoteWebDriver.java:355)
at org.openqa.selenium.remote.RemoteWebDriver.findElement(RemoteWebDriver.java:349)
at pages.CartPage.AddToCart(CartPage.java:25)
at StepDefinitions.addProductToCart.i_choose_to_add_a_product_to_cart(addProductToCart.java:20)
at ✽.I choose to add a product to cart(file:///C:/Users/prems/AutomationFrameworks/JavaSeleniumCucumber/src/test/resources/FeatureFiles/addToCart.feature:7)
]]>
            </full-stacktrace>
          </exception> <!-- org.openqa.selenium.NoSuchElementException -->
          <reporter-output>
          </reporter-output>
        </test-method> <!-- runScenario -->
        <test-method signature="runScenario(io.cucumber.testng.PickleWrapper,io.cucumber.testng.FeatureWrapper)[pri:0, instance:StepDefinitions.TestRunner@7cc0cdad]" started-at="2024-08-27T16:11:05 IST" name="runScenario" description="Runs Cucumber Scenarios" data-provider="scenarios" finished-at="2024-08-27T16:11:07 IST" duration-ms="2186" status="PASS">
          <params>
            <param index="0">
              <value>
                <![CDATA["Validate login functionality"]]>
              </value>
            </param>
            <param index="1">
              <value>
                <![CDATA["Login Functionality"]]>
              </value>
            </param>
          </params>
          <reporter-output>
          </reporter-output>
        </test-method> <!-- runScenario -->
        <test-method signature="runScenario(io.cucumber.testng.PickleWrapper,io.cucumber.testng.FeatureWrapper)[pri:0, instance:StepDefinitions.TestRunner@7cc0cdad]" started-at="2024-08-27T16:11:07 IST" name="runScenario" description="Runs Cucumber Scenarios" data-provider="scenarios" finished-at="2024-08-27T16:11:08 IST" duration-ms="464" status="PASS">
          <params>
            <param index="0">
              <value>
                <![CDATA["Drop down based search"]]>
              </value>
            </param>
            <param index="1">
              <value>
                <![CDATA["To search products"]]>
              </value>
            </param>
          </params>
          <reporter-output>
          </reporter-output>
        </test-method> <!-- runScenario -->
        <test-method is-config="true" signature="tearDownClass()[pri:0, instance:StepDefinitions.TestRunner@7cc0cdad]" started-at="2024-08-27T16:11:08 IST" name="tearDownClass" finished-at="2024-08-27T16:11:08 IST" duration-ms="39" status="PASS">
          <reporter-output>
          </reporter-output>
        </test-method> <!-- tearDownClass -->
        <test-method is-config="true" signature="quitBrowser()[pri:0, instance:StepDefinitions.TestRunner@7cc0cdad]" started-at="2024-08-27T16:11:08 IST" name="quitBrowser" finished-at="2024-08-27T16:11:08 IST" duration-ms="0" status="PASS">
          <reporter-output>
          </reporter-output>
        </test-method> <!-- quitBrowser -->
      </class> <!-- StepDefinitions.TestRunner -->
    </test> <!-- Default test -->
  </suite> <!-- Default suite -->
</testng-results>
